sh: export: `========================================': not a valid identifier
-bash: export: `#': not a valid identifier
-bash: export: `========================================': not a valid identifier
-bash: export: `#': not a valid identifier
-bash: export: `メール設定（後で設定）': not a valid identifier
-bash: export: `#': not a valid identifier
-bash: export: `========================================': not a valid identifier
-bash: export: `#': not a valid identifier
-bash: export: `========================================': not a valid identifier
-bash: export: `#': not a valid identifier
-bash: export: `ファイルアップロード設定': not a valid identifier
-bash: export: `#': not a valid identifier
-bash: export: `========================================': not a valid identifier
-bash: export: `#': not a valid identifier
-bash: export: `========================================': not a valid identifier
-bash: export: `#': not a valid identifier
-bash: export: `その他の設定': not a valid identifier
-bash: export: `#': not a valid identifier
-bash: export: `========================================': not a valid identifier
Traceback (most recent call last):
  File "<string>", line 1, in <module>
ModuleNotFoundError: No module named 'services.postgres_service'
Traceback (most recent call last):
  File "<frozen runpy>", line 198, in _run_module_as_main
  File "<frozen runpy>", line 88, in _run_code
  File "/var/www/worknow/venv/lib/python3.12/site-packages/uvicorn/__main__.py", line 4, in <module>
    uvicorn.main()
  File "/var/www/worknow/venv/lib/python3.12/site-packages/click/core.py", line 1462, in __call__
    return self.main(*args, **kwargs)
           ^^^^^^^^^^^^^^^^^^^^^^^^^^
  File "/var/www/worknow/venv/lib/python3.12/site-packages/click/core.py", line 1383, in main
    rv = self.invoke(ctx)
         ^^^^^^^^^^^^^^^^
  File "/var/www/worknow/venv/lib/python3.12/site-packages/click/core.py", line 1246, in invoke
    return ctx.invoke(self.callback, **ctx.params)
           ^^^^^^^^^^^^^^^^^^^^^^^^^^^^^^^^^^^^^^^
  File "/var/www/worknow/venv/lib/python3.12/site-packages/click/core.py", line 814, in invoke
    return callback(*args, **kwargs)
           ^^^^^^^^^^^^^^^^^^^^^^^^^
  File "/var/www/worknow/venv/lib/python3.12/site-packages/uvicorn/main.py", line 423, in main
    run(
  File "/var/www/worknow/venv/lib/python3.12/site-packages/uvicorn/main.py", line 593, in run
    server.run()
  File "/var/www/worknow/venv/lib/python3.12/site-packages/uvicorn/server.py", line 67, in run
    return asyncio_run(self.serve(sockets=sockets), loop_factory=self.config.get_loop_factory())
           ^^^^^^^^^^^^^^^^^^^^^^^^^^^^^^^^^^^^^^^^^^^^^^^^^^^^^^^^^^^^^^^^^^^^^^^^^^^^^^^^^^^^^
  File "/usr/lib/python3.12/asyncio/runners.py", line 194, in run
    return runner.run(main)
           ^^^^^^^^^^^^^^^^
  File "/usr/lib/python3.12/asyncio/runners.py", line 118, in run
    return self._loop.run_until_complete(task)
           ^^^^^^^^^^^^^^^^^^^^^^^^^^^^^^^^^^^
  File "/usr/lib/python3.12/asyncio/base_events.py", line 687, in run_until_complete
    return future.result()
           ^^^^^^^^^^^^^^^
  File "/var/www/worknow/venv/lib/python3.12/site-packages/uvicorn/server.py", line 71, in serve
    await self._serve(sockets)
  File "/var/www/worknow/venv/lib/python3.12/site-packages/uvicorn/server.py", line 78, in _serve
    config.load()
  File "/var/www/worknow/venv/lib/python3.12/site-packages/uvicorn/config.py", line 439, in load
    self.loaded_app = import_from_string(self.app)
                      ^^^^^^^^^^^^^^^^^^^^^^^^^^^^
  File "/var/www/worknow/venv/lib/python3.12/site-packages/uvicorn/importer.py", line 19, in import_from_string
    module = importlib.import_module(module_str)
             ^^^^^^^^^^^^^^^^^^^^^^^^^^^^^^^^^^^
  File "/usr/lib/python3.12/importlib/__init__.py", line 90, in import_module
    return _bootstrap._gcd_import(name[level:], package, level)
           ^^^^^^^^^^^^^^^^^^^^^^^^^^^^^^^^^^^^^^^^^^^^^^^^^^^^
  File "<frozen importlib._bootstrap>", line 1387, in _gcd_import
  File "<frozen importlib._bootstrap>", line 1360, in _find_and_load
  File "<frozen importlib._bootstrap>", line 1331, in _find_and_load_unlocked
  File "<frozen importlib._bootstrap>", line 935, in _load_unlocked
  File "<frozen importlib._bootstrap_external>", line 995, in exec_module
  File "<frozen importlib._bootstrap>", line 488, in _call_with_frames_removed
  File "/var/www/worknow/backend/main.py", line 6, in <module>
    from utils.config import CFG
  File "/var/www/worknow/backend/utils/config.py", line 46, in <module>
    CFG = get_settings().model_dump()
          ^^^^^^^^^^^^^^
  File "/var/www/worknow/backend/utils/config.py", line 43, in get_settings
    return Settings()
           ^^^^^^^^^^
  File "/var/www/worknow/venv/lib/python3.12/site-packages/pydantic_settings/main.py", line 193, in __init__
    super().__init__(
  File "/var/www/worknow/venv/lib/python3.12/site-packages/pydantic/main.py", line 250, in __init__
    validated_self = self.__pydantic_validator__.validate_python(data, self_instance=self)
                     ^^^^^^^^^^^^^^^^^^^^^^^^^^^^^^^^^^^^^^^^^^^^^^^^^^^^^^^^^^^^^^^^^^^^^
pydantic_core._pydantic_core.ValidationError: 8 validation errors for Settings
SUPABASE_URL
  Field required [type=missing, input_value={'STRIPE_WEBHOOK_SECRET':...dis://localhost:6379/0'}, input_type=dict]
    For further information visit https://errors.pydantic.dev/2.12/v/missing
SUPABASE_KEY
  Field required [type=missing, input_value={'STRIPE_WEBHOOK_SECRET':...dis://localhost:6379/0'}, input_type=dict]
    For further information visit https://errors.pydantic.dev/2.12/v/missing
STRIPE_API_KEY
  Field required [type=missing, input_value={'STRIPE_WEBHOOK_SECRET':...dis://localhost:6379/0'}, input_type=dict]
    For further information visit https://errors.pydantic.dev/2.12/v/missing
STRIPE_CONNECT_CLIENT_ID
  Field required [type=missing, input_value={'STRIPE_WEBHOOK_SECRET':...dis://localhost:6379/0'}, input_type=dict]
    For further information visit https://errors.pydantic.dev/2.12/v/missing
FIREBASE_KEY
  Field required [type=missing, input_value={'STRIPE_WEBHOOK_SECRET':...dis://localhost:6379/0'}, input_type=dict]
    For further information visit https://errors.pydantic.dev/2.12/v/missing
JWT_SECRET
  Field required [type=missing, input_value={'STRIPE_WEBHOOK_SECRET':...dis://localhost:6379/0'}, input_type=dict]
    For further information visit https://errors.pydantic.dev/2.12/v/missing
DOMAIN
  Field required [type=missing, input_value={'STRIPE_WEBHOOK_SECRET':...dis://localhost:6379/0'}, input_type=dict]
    For further information visit https://errors.pydantic.dev/2.12/v/missing
ADMIN_EMAIL
  Field required [type=missing, input_value={'STRIPE_WEBHOOK_SECRET':...dis://localhost:6379/0'}, input_type=dict]
    For further information visit https://errors.pydantic.dev/2.12/v/missing
(venv) root@srv1087935:/var/www/worknow/backend# 